mode: set
github.com/gourdian25/gourdianlogger/gourdianlogger.go:104.35,105.11 1 1
github.com/gourdian25/gourdianlogger/gourdianlogger.go:106.13,107.17 1 1
github.com/gourdian25/gourdianlogger/gourdianlogger.go:108.12,109.16 1 1
github.com/gourdian25/gourdianlogger/gourdianlogger.go:110.12,111.16 1 1
github.com/gourdian25/gourdianlogger/gourdianlogger.go:112.13,113.17 1 1
github.com/gourdian25/gourdianlogger/gourdianlogger.go:114.13,115.17 1 1
github.com/gourdian25/gourdianlogger/gourdianlogger.go:116.10,117.19 1 1
github.com/gourdian25/gourdianlogger/gourdianlogger.go:121.52,122.32 1 1
github.com/gourdian25/gourdianlogger/gourdianlogger.go:123.15,124.20 1 1
github.com/gourdian25/gourdianlogger/gourdianlogger.go:125.14,126.19 1 1
github.com/gourdian25/gourdianlogger/gourdianlogger.go:127.25,128.19 1 1
github.com/gourdian25/gourdianlogger/gourdianlogger.go:129.15,130.20 1 1
github.com/gourdian25/gourdianlogger/gourdianlogger.go:131.15,132.20 1 1
github.com/gourdian25/gourdianlogger/gourdianlogger.go:133.10,134.59 1 1
github.com/gourdian25/gourdianlogger/gourdianlogger.go:138.62,139.42 1 1
github.com/gourdian25/gourdianlogger/gourdianlogger.go:139.42,141.3 1 0
github.com/gourdian25/gourdianlogger/gourdianlogger.go:144.2,144.26 1 1
github.com/gourdian25/gourdianlogger/gourdianlogger.go:144.26,146.3 1 1
github.com/gourdian25/gourdianlogger/gourdianlogger.go:147.2,147.29 1 1
github.com/gourdian25/gourdianlogger/gourdianlogger.go:147.29,149.3 1 1
github.com/gourdian25/gourdianlogger/gourdianlogger.go:150.2,150.34 1 1
github.com/gourdian25/gourdianlogger/gourdianlogger.go:150.34,152.3 1 1
github.com/gourdian25/gourdianlogger/gourdianlogger.go:153.2,153.26 1 1
github.com/gourdian25/gourdianlogger/gourdianlogger.go:153.26,155.3 1 0
github.com/gourdian25/gourdianlogger/gourdianlogger.go:156.2,156.27 1 1
github.com/gourdian25/gourdianlogger/gourdianlogger.go:156.27,158.3 1 1
github.com/gourdian25/gourdianlogger/gourdianlogger.go:159.2,159.55 1 1
github.com/gourdian25/gourdianlogger/gourdianlogger.go:159.55,161.3 1 0
github.com/gourdian25/gourdianlogger/gourdianlogger.go:163.2,164.58 2 1
github.com/gourdian25/gourdianlogger/gourdianlogger.go:164.58,166.3 1 1
github.com/gourdian25/gourdianlogger/gourdianlogger.go:168.2,170.16 3 1
github.com/gourdian25/gourdianlogger/gourdianlogger.go:170.16,172.3 1 0
github.com/gourdian25/gourdianlogger/gourdianlogger.go:174.2,175.27 2 1
github.com/gourdian25/gourdianlogger/gourdianlogger.go:175.27,177.3 1 1
github.com/gourdian25/gourdianlogger/gourdianlogger.go:178.2,179.28 2 1
github.com/gourdian25/gourdianlogger/gourdianlogger.go:179.28,180.15 1 1
github.com/gourdian25/gourdianlogger/gourdianlogger.go:180.15,182.4 1 1
github.com/gourdian25/gourdianlogger/gourdianlogger.go:185.2,201.28 1 1
github.com/gourdian25/gourdianlogger/gourdianlogger.go:201.28,203.5 1 1
github.com/gourdian25/gourdianlogger/gourdianlogger.go:207.2,207.27 1 1
github.com/gourdian25/gourdianlogger/gourdianlogger.go:207.27,209.3 1 1
github.com/gourdian25/gourdianlogger/gourdianlogger.go:211.2,211.27 1 1
github.com/gourdian25/gourdianlogger/gourdianlogger.go:211.27,213.3 1 1
github.com/gourdian25/gourdianlogger/gourdianlogger.go:215.2,221.27 5 1
github.com/gourdian25/gourdianlogger/gourdianlogger.go:221.27,224.44 3 1
github.com/gourdian25/gourdianlogger/gourdianlogger.go:224.44,227.4 2 1
github.com/gourdian25/gourdianlogger/gourdianlogger.go:230.2,230.20 1 1
github.com/gourdian25/gourdianlogger/gourdianlogger.go:233.50,249.2 2 0
github.com/gourdian25/gourdianlogger/gourdianlogger.go:251.42,252.21 1 1
github.com/gourdian25/gourdianlogger/gourdianlogger.go:252.21,254.3 1 1
github.com/gourdian25/gourdianlogger/gourdianlogger.go:255.2,255.24 1 1
github.com/gourdian25/gourdianlogger/gourdianlogger.go:255.24,257.3 1 1
github.com/gourdian25/gourdianlogger/gourdianlogger.go:258.2,258.23 1 1
github.com/gourdian25/gourdianlogger/gourdianlogger.go:258.23,260.3 1 1
github.com/gourdian25/gourdianlogger/gourdianlogger.go:261.2,261.25 1 1
github.com/gourdian25/gourdianlogger/gourdianlogger.go:261.25,263.3 1 1
github.com/gourdian25/gourdianlogger/gourdianlogger.go:264.2,264.23 1 1
github.com/gourdian25/gourdianlogger/gourdianlogger.go:264.23,266.3 1 1
github.com/gourdian25/gourdianlogger/gourdianlogger.go:268.2,268.24 1 1
github.com/gourdian25/gourdianlogger/gourdianlogger.go:268.24,269.40 1 1
github.com/gourdian25/gourdianlogger/gourdianlogger.go:270.24,270.24 0 1
github.com/gourdian25/gourdianlogger/gourdianlogger.go:271.11,272.61 1 1
github.com/gourdian25/gourdianlogger/gourdianlogger.go:275.2,275.12 1 1
github.com/gourdian25/gourdianlogger/gourdianlogger.go:278.43,280.6 2 1
github.com/gourdian25/gourdianlogger/gourdianlogger.go:280.6,281.10 1 1
github.com/gourdian25/gourdianlogger/gourdianlogger.go:282.23,284.21 2 1
github.com/gourdian25/gourdianlogger/gourdianlogger.go:284.21,285.46 1 1
github.com/gourdian25/gourdianlogger/gourdianlogger.go:285.46,287.6 1 0
github.com/gourdian25/gourdianlogger/gourdianlogger.go:289.4,289.21 1 1
github.com/gourdian25/gourdianlogger/gourdianlogger.go:290.28,291.10 1 1
github.com/gourdian25/gourdianlogger/gourdianlogger.go:296.32,302.6 5 1
github.com/gourdian25/gourdianlogger/gourdianlogger.go:302.6,303.10 1 1
github.com/gourdian25/gourdianlogger/gourdianlogger.go:304.30,306.25 2 1
github.com/gourdian25/gourdianlogger/gourdianlogger.go:306.25,309.5 2 1
github.com/gourdian25/gourdianlogger/gourdianlogger.go:310.19,311.22 1 1
github.com/gourdian25/gourdianlogger/gourdianlogger.go:311.22,314.5 2 1
github.com/gourdian25/gourdianlogger/gourdianlogger.go:315.27,317.22 1 1
github.com/gourdian25/gourdianlogger/gourdianlogger.go:317.22,319.5 1 1
github.com/gourdian25/gourdianlogger/gourdianlogger.go:321.4,321.8 1 1
github.com/gourdian25/gourdianlogger/gourdianlogger.go:321.8,322.12 1 1
github.com/gourdian25/gourdianlogger/gourdianlogger.go:323.32,324.24 1 1
github.com/gourdian25/gourdianlogger/gourdianlogger.go:325.13,326.12 1 1
github.com/gourdian25/gourdianlogger/gourdianlogger.go:333.54,337.30 3 1
github.com/gourdian25/gourdianlogger/gourdianlogger.go:337.30,338.61 1 1
github.com/gourdian25/gourdianlogger/gourdianlogger.go:338.61,340.31 2 0
github.com/gourdian25/gourdianlogger/gourdianlogger.go:340.31,342.5 1 0
github.com/gourdian25/gourdianlogger/gourdianlogger.go:344.3,344.24 1 1
github.com/gourdian25/gourdianlogger/gourdianlogger.go:348.49,352.60 3 1
github.com/gourdian25/gourdianlogger/gourdianlogger.go:352.60,354.30 2 0
github.com/gourdian25/gourdianlogger/gourdianlogger.go:354.30,356.4 1 0
github.com/gourdian25/gourdianlogger/gourdianlogger.go:358.2,358.23 1 1
github.com/gourdian25/gourdianlogger/gourdianlogger.go:361.41,362.27 1 1
github.com/gourdian25/gourdianlogger/gourdianlogger.go:362.27,364.3 1 1
github.com/gourdian25/gourdianlogger/gourdianlogger.go:364.8,364.36 1 0
github.com/gourdian25/gourdianlogger/gourdianlogger.go:364.36,366.3 1 0
github.com/gourdian25/gourdianlogger/gourdianlogger.go:369.112,380.22 9 1
github.com/gourdian25/gourdianlogger/gourdianlogger.go:380.22,383.3 2 1
github.com/gourdian25/gourdianlogger/gourdianlogger.go:385.2,387.21 2 1
github.com/gourdian25/gourdianlogger/gourdianlogger.go:387.21,390.28 3 1
github.com/gourdian25/gourdianlogger/gourdianlogger.go:390.28,391.14 1 1
github.com/gourdian25/gourdianlogger/gourdianlogger.go:391.14,393.5 1 1
github.com/gourdian25/gourdianlogger/gourdianlogger.go:394.4,397.34 4 1
github.com/gourdian25/gourdianlogger/gourdianlogger.go:399.3,399.25 1 1
github.com/gourdian25/gourdianlogger/gourdianlogger.go:402.2,403.25 2 1
github.com/gourdian25/gourdianlogger/gourdianlogger.go:406.111,412.40 5 1
github.com/gourdian25/gourdianlogger/gourdianlogger.go:412.40,414.3 1 1
github.com/gourdian25/gourdianlogger/gourdianlogger.go:416.2,416.42 1 1
github.com/gourdian25/gourdianlogger/gourdianlogger.go:416.42,418.3 1 1
github.com/gourdian25/gourdianlogger/gourdianlogger.go:420.2,420.27 1 1
github.com/gourdian25/gourdianlogger/gourdianlogger.go:420.27,422.3 1 1
github.com/gourdian25/gourdianlogger/gourdianlogger.go:424.2,427.26 3 1
github.com/gourdian25/gourdianlogger/gourdianlogger.go:427.26,429.3 1 1
github.com/gourdian25/gourdianlogger/gourdianlogger.go:429.8,431.3 1 1
github.com/gourdian25/gourdianlogger/gourdianlogger.go:433.2,433.16 1 1
github.com/gourdian25/gourdianlogger/gourdianlogger.go:433.16,435.3 1 0
github.com/gourdian25/gourdianlogger/gourdianlogger.go:436.2,436.32 1 1
github.com/gourdian25/gourdianlogger/gourdianlogger.go:439.41,440.21 1 0
github.com/gourdian25/gourdianlogger/gourdianlogger.go:440.21,442.3 1 0
github.com/gourdian25/gourdianlogger/gourdianlogger.go:444.2,445.9 2 0
github.com/gourdian25/gourdianlogger/gourdianlogger.go:445.9,447.3 1 0
github.com/gourdian25/gourdianlogger/gourdianlogger.go:449.2,450.15 2 0
github.com/gourdian25/gourdianlogger/gourdianlogger.go:450.15,452.3 1 0
github.com/gourdian25/gourdianlogger/gourdianlogger.go:455.2,459.19 3 0
github.com/gourdian25/gourdianlogger/gourdianlogger.go:459.19,461.3 1 0
github.com/gourdian25/gourdianlogger/gourdianlogger.go:462.2,463.17 2 0
github.com/gourdian25/gourdianlogger/gourdianlogger.go:463.17,465.3 1 0
github.com/gourdian25/gourdianlogger/gourdianlogger.go:467.2,467.93 1 0
github.com/gourdian25/gourdianlogger/gourdianlogger.go:470.85,471.21 1 1
github.com/gourdian25/gourdianlogger/gourdianlogger.go:471.21,473.3 1 1
github.com/gourdian25/gourdianlogger/gourdianlogger.go:475.2,475.21 1 1
github.com/gourdian25/gourdianlogger/gourdianlogger.go:475.21,477.3 1 1
github.com/gourdian25/gourdianlogger/gourdianlogger.go:480.2,480.26 1 1
github.com/gourdian25/gourdianlogger/gourdianlogger.go:480.26,481.29 1 1
github.com/gourdian25/gourdianlogger/gourdianlogger.go:481.29,483.4 1 1
github.com/gourdian25/gourdianlogger/gourdianlogger.go:487.2,488.29 2 1
github.com/gourdian25/gourdianlogger/gourdianlogger.go:488.29,490.3 1 1
github.com/gourdian25/gourdianlogger/gourdianlogger.go:490.8,492.3 1 1
github.com/gourdian25/gourdianlogger/gourdianlogger.go:494.2,494.26 1 1
github.com/gourdian25/gourdianlogger/gourdianlogger.go:494.26,496.3 1 1
github.com/gourdian25/gourdianlogger/gourdianlogger.go:498.2,499.20 2 1
github.com/gourdian25/gourdianlogger/gourdianlogger.go:499.20,501.3 1 0
github.com/gourdian25/gourdianlogger/gourdianlogger.go:503.2,504.18 2 1
github.com/gourdian25/gourdianlogger/gourdianlogger.go:505.18,506.63 1 1
github.com/gourdian25/gourdianlogger/gourdianlogger.go:507.10,508.64 1 1
github.com/gourdian25/gourdianlogger/gourdianlogger.go:511.2,511.25 1 1
github.com/gourdian25/gourdianlogger/gourdianlogger.go:511.25,516.10 4 1
github.com/gourdian25/gourdianlogger/gourdianlogger.go:517.28,517.28 0 1
github.com/gourdian25/gourdianlogger/gourdianlogger.go:518.11,519.22 1 1
github.com/gourdian25/gourdianlogger/gourdianlogger.go:521.8,524.22 3 1
github.com/gourdian25/gourdianlogger/gourdianlogger.go:524.22,527.4 2 0
github.com/gourdian25/gourdianlogger/gourdianlogger.go:528.3,528.67 1 1
github.com/gourdian25/gourdianlogger/gourdianlogger.go:528.67,530.31 2 1
github.com/gourdian25/gourdianlogger/gourdianlogger.go:530.31,532.5 1 1
github.com/gourdian25/gourdianlogger/gourdianlogger.go:536.2,536.20 1 1
github.com/gourdian25/gourdianlogger/gourdianlogger.go:536.20,539.3 2 1
github.com/gourdian25/gourdianlogger/gourdianlogger.go:542.41,543.19 1 1
github.com/gourdian25/gourdianlogger/gourdianlogger.go:543.19,545.3 1 0
github.com/gourdian25/gourdianlogger/gourdianlogger.go:547.2,548.16 2 1
github.com/gourdian25/gourdianlogger/gourdianlogger.go:548.16,550.3 1 0
github.com/gourdian25/gourdianlogger/gourdianlogger.go:552.2,552.34 1 1
github.com/gourdian25/gourdianlogger/gourdianlogger.go:552.34,554.3 1 0
github.com/gourdian25/gourdianlogger/gourdianlogger.go:557.2,558.40 2 1
github.com/gourdian25/gourdianlogger/gourdianlogger.go:558.40,560.3 1 0
github.com/gourdian25/gourdianlogger/gourdianlogger.go:563.2,568.62 4 1
github.com/gourdian25/gourdianlogger/gourdianlogger.go:568.62,571.21 2 0
github.com/gourdian25/gourdianlogger/gourdianlogger.go:571.21,573.4 1 0
github.com/gourdian25/gourdianlogger/gourdianlogger.go:574.3,575.58 2 0
github.com/gourdian25/gourdianlogger/gourdianlogger.go:579.2,580.16 2 1
github.com/gourdian25/gourdianlogger/gourdianlogger.go:580.16,582.3 1 0
github.com/gourdian25/gourdianlogger/gourdianlogger.go:585.2,590.24 4 1
github.com/gourdian25/gourdianlogger/gourdianlogger.go:590.24,592.3 1 1
github.com/gourdian25/gourdianlogger/gourdianlogger.go:593.2,599.12 5 1
github.com/gourdian25/gourdianlogger/gourdianlogger.go:602.38,605.47 3 1
github.com/gourdian25/gourdianlogger/gourdianlogger.go:605.47,607.3 1 1
github.com/gourdian25/gourdianlogger/gourdianlogger.go:609.2,609.40 1 0
github.com/gourdian25/gourdianlogger/gourdianlogger.go:609.40,613.3 3 0
github.com/gourdian25/gourdianlogger/gourdianlogger.go:615.2,615.53 1 0
github.com/gourdian25/gourdianlogger/gourdianlogger.go:615.53,617.3 1 0
github.com/gourdian25/gourdianlogger/gourdianlogger.go:620.26,621.25 1 1
github.com/gourdian25/gourdianlogger/gourdianlogger.go:621.25,622.29 1 0
github.com/gourdian25/gourdianlogger/gourdianlogger.go:622.29,624.4 1 0
github.com/gourdian25/gourdianlogger/gourdianlogger.go:628.46,630.2 1 0
github.com/gourdian25/gourdianlogger/gourdianlogger.go:632.41,634.2 1 0
github.com/gourdian25/gourdianlogger/gourdianlogger.go:636.58,638.2 1 1
github.com/gourdian25/gourdianlogger/gourdianlogger.go:640.46,641.19 1 1
github.com/gourdian25/gourdianlogger/gourdianlogger.go:641.19,643.3 1 0
github.com/gourdian25/gourdianlogger/gourdianlogger.go:645.2,648.21 3 1
github.com/gourdian25/gourdianlogger/gourdianlogger.go:648.21,650.3 1 0
github.com/gourdian25/gourdianlogger/gourdianlogger.go:652.2,653.46 2 1
github.com/gourdian25/gourdianlogger/gourdianlogger.go:656.49,660.21 3 1
github.com/gourdian25/gourdianlogger/gourdianlogger.go:660.21,662.3 1 0
github.com/gourdian25/gourdianlogger/gourdianlogger.go:664.2,664.30 1 1
github.com/gourdian25/gourdianlogger/gourdianlogger.go:664.30,665.18 1 1
github.com/gourdian25/gourdianlogger/gourdianlogger.go:665.18,669.4 3 1
github.com/gourdian25/gourdianlogger/gourdianlogger.go:672.32,673.43 1 1
github.com/gourdian25/gourdianlogger/gourdianlogger.go:673.43,675.3 1 1
github.com/gourdian25/gourdianlogger/gourdianlogger.go:678.2,678.29 1 1
github.com/gourdian25/gourdianlogger/gourdianlogger.go:678.29,680.3 1 1
github.com/gourdian25/gourdianlogger/gourdianlogger.go:681.2,685.12 3 1
github.com/gourdian25/gourdianlogger/gourdianlogger.go:685.12,688.3 2 1
github.com/gourdian25/gourdianlogger/gourdianlogger.go:691.2,691.9 1 1
github.com/gourdian25/gourdianlogger/gourdianlogger.go:692.14,692.14 0 1
github.com/gourdian25/gourdianlogger/gourdianlogger.go:693.37,693.37 0 0
github.com/gourdian25/gourdianlogger/gourdianlogger.go:698.2,701.19 3 1
github.com/gourdian25/gourdianlogger/gourdianlogger.go:701.19,703.3 1 1
github.com/gourdian25/gourdianlogger/gourdianlogger.go:704.2,704.12 1 0
github.com/gourdian25/gourdianlogger/gourdianlogger.go:707.34,709.2 1 1
github.com/gourdian25/gourdianlogger/gourdianlogger.go:711.26,713.2 1 1
github.com/gourdian25/gourdianlogger/gourdianlogger.go:715.27,717.2 1 1
github.com/gourdian25/gourdianlogger/gourdianlogger.go:719.34,721.2 1 1
github.com/gourdian25/gourdianlogger/gourdianlogger.go:723.42,725.2 1 1
github.com/gourdian25/gourdianlogger/gourdianlogger.go:727.41,729.2 1 1
github.com/gourdian25/gourdianlogger/gourdianlogger.go:731.41,733.2 1 1
github.com/gourdian25/gourdianlogger/gourdianlogger.go:735.42,737.2 1 1
github.com/gourdian25/gourdianlogger/gourdianlogger.go:739.42,743.2 1 1
github.com/gourdian25/gourdianlogger/gourdianlogger.go:745.58,747.2 1 0
github.com/gourdian25/gourdianlogger/gourdianlogger.go:749.57,751.2 1 0
github.com/gourdian25/gourdianlogger/gourdianlogger.go:753.57,755.2 1 0
github.com/gourdian25/gourdianlogger/gourdianlogger.go:757.58,759.2 1 0
github.com/gourdian25/gourdianlogger/gourdianlogger.go:761.58,765.2 1 0
github.com/gourdian25/gourdianlogger/gourdianlogger.go:767.83,769.2 1 1
github.com/gourdian25/gourdianlogger/gourdianlogger.go:771.82,773.2 1 1
github.com/gourdian25/gourdianlogger/gourdianlogger.go:775.82,777.2 1 1
github.com/gourdian25/gourdianlogger/gourdianlogger.go:779.83,781.2 1 1
github.com/gourdian25/gourdianlogger/gourdianlogger.go:783.83,787.2 1 0
github.com/gourdian25/gourdianlogger/gourdianlogger.go:789.99,791.2 1 0
github.com/gourdian25/gourdianlogger/gourdianlogger.go:793.98,795.2 1 0
github.com/gourdian25/gourdianlogger/gourdianlogger.go:797.98,799.2 1 0
github.com/gourdian25/gourdianlogger/gourdianlogger.go:801.99,803.2 1 0
github.com/gourdian25/gourdianlogger/gourdianlogger.go:805.99,809.2 1 0
